<?xml version="1.0" encoding="UTF-8" ?>
<testsuite errors="0" failures="0" hostname="MORAES-PC" name="br.pucpcaldas.concessionaria.testes.TesteInserirNovoPedido" skipped="0" tests="2" time="0.417" timestamp="2016-10-02T16:08:51">
  <properties>
    <property name="java.vendor" value="Oracle Corporation" />
    <property name="env.USERDOMAIN_ROAMINGPROFILE" value="MORAES-PC" />
    <property name="sun.java.launcher" value="SUN_STANDARD" />
    <property name="eclipse.pdebuild.templates" value="/C:/Program Files/eclipseGalileo/plugins/org.eclipse.pde.build_3.5.2.R35x_20100114/templates/" />
    <property name="sun.management.compiler" value="HotSpot 64-Bit Tiered Compilers" />
    <property name="env.PROMPT" value="$P$G" />
    <property name="os.name" value="Windows 8.1" />
    <property name="sun.boot.class.path" value="C:\Program Files\Java\jdk1.7.0_80\jre\lib\resources.jar;C:\Program Files\Java\jdk1.7.0_80\jre\lib\rt.jar;C:\Program Files\Java\jdk1.7.0_80\jre\lib\sunrsasign.jar;C:\Program Files\Java\jdk1.7.0_80\jre\lib\jsse.jar;C:\Program Files\Java\jdk1.7.0_80\jre\lib\jce.jar;C:\Program Files\Java\jdk1.7.0_80\jre\lib\charsets.jar;C:\Program Files\Java\jdk1.7.0_80\jre\lib\jfr.jar;C:\Program Files\Java\jdk1.7.0_80\jre\classes" />
    <property name="env.COMPUTERNAME" value="MORAES-PC" />
    <property name="env.CommonProgramW6432" value="C:\Program Files\Common Files" />
    <property name="env.ALLUSERSPROFILE" value="C:\ProgramData" />
    <property name="sun.desktop" value="windows" />
    <property name="java.vm.specification.vendor" value="Oracle Corporation" />
    <property name="ant.home" value="C:\Program Files\eclipseGalileo\plugins\org.apache.ant_1.9.6.v201510161327" />
    <property name="java.runtime.version" value="1.7.0_80-b15" />
    <property name="env.ALTERAOCLSDKROOT" value="C:\altera\15.0\hld" />
    <property name="ant.file.type.concessionaria" value="file" />
    <property name="env.HOMEPATH" value="\Users\Felipe" />
    <property name="user.name" value="Felipe" />
    <property name="user.language" value="pt" />
    <property name="sun.boot.library.path" value="C:\Program Files\Java\jdk1.7.0_80\jre\bin" />
    <property name="ant.project.default-target" value="build" />
    <property name="ant.project.name" value="concessionaria" />
    <property name="java.version" value="1.7.0_80" />
    <property name="env.PROCESSOR_IDENTIFIER" value="Intel64 Family 6 Model 61 Stepping 4, GenuineIntel" />
    <property name="user.timezone" value="" />
    <property name="env.TEMP" value="C:\Users\Felipe\AppData\Local\Temp" />
    <property name="sun.arch.data.model" value="64" />
    <property name="java.endorsed.dirs" value="C:\Program Files\Java\jdk1.7.0_80\jre\lib\endorsed" />
    <property name="sun.cpu.isalist" value="amd64" />
    <property name="env.HOMEDRIVE" value="C:" />
    <property name="sun.jnu.encoding" value="Cp1252" />
    <property name="file.encoding.pkg" value="sun.io" />
    <property name="ECLIPSE_HOME" value="../../../../../Program Files/eclipseGalileo" />
    <property name="file.separator" value="\" />
    <property name="java.specification.name" value="Java Platform API Specification" />
    <property name="java.class.version" value="51.0" />
    <property name="user.country" value="BR" />
    <property name="java.home" value="C:\Program Files\Java\jdk1.7.0_80\jre" />
    <property name="env.PSModulePath" value="C:\Program Files\WindowsPowerShell\Modules;C:\WINDOWS\system32\WindowsPowerShell\v1.0\Modules" />
    <property name="env.APPDATA" value="C:\Users\Felipe\AppData\Roaming" />
    <property name="env.PUBLIC" value="C:\Users\Public" />
    <property name="java.vm.info" value="mixed mode" />
    <property name="env.ComSpec" value="C:\WINDOWS\system32\cmd.exe" />
    <property name="env.OS" value="Windows_NT" />
    <property name="env.CommonProgramFiles" value="C:\Program Files\Common Files" />
    <property name="ant.file" value="C:\Users\Felipe\Documents\EclipseProjects\concessionaria\build.xml" />
    <property name="os.version" value="6.3" />
    <property name="env.ProgramW6432" value="C:\Program Files" />
    <property name="env.QUARTUS_ROOTDIR" value="C:\altera\15.0\quartus" />
    <property name="path.separator" value=";" />
    <property name="java.vm.version" value="24.80-b11" />
    <property name="user.variant" value="" />
    <property name="env.USERPROFILE" value="C:\Users\Felipe" />
    <property name="ant.library.dir" value="C:\Program Files\eclipseGalileo\plugins\org.apache.ant_1.9.6.v201510161327\lib" />
    <property name="junit.output.dir" value="junit" />
    <property name="java.awt.printerjob" value="sun.awt.windows.WPrinterJob" />
    <property name="env.TMP" value="C:\Users\Felipe\AppData\Local\Temp" />
    <property name="env.FPS_BROWSER_USER_PROFILE_STRING" value="Default" />
    <property name="sun.io.unicode.encoding" value="UnicodeLittle" />
    <property name="awt.toolkit" value="sun.awt.windows.WToolkit" />
    <property name="user.script" value="" />
    <property name="eclipse.pdebuild.scripts" value="/C:/Program Files/eclipseGalileo/plugins/org.eclipse.pde.build_3.5.2.R35x_20100114/scripts/" />
    <property name="user.home" value="C:\Users\Felipe" />
    <property name="target" value="1.5" />
    <property name="env.ProgramData" value="C:\ProgramData" />
    <property name="env.QSYS_ROOTDIR" value="C:\altera\15.0\quartus\sopc_builder\bin" />
    <property name="env.SESSIONNAME" value="Console" />
    <property name="env.ProgramFiles(x86)" value="C:\Program Files (x86)" />
    <property name="java.specification.vendor" value="Oracle Corporation" />
    <property name="java.library.path" value="C:\Program Files\Java\jdk1.7.0_80\jre\bin;C:\WINDOWS\Sun\Java\bin;C:\WINDOWS\system32;C:\WINDOWS;C:/Program Files (x86)/Java/jre7/bin/client;C:/Program Files (x86)/Java/jre7/bin;C:\WINDOWS\system32;C:\WINDOWS;C:\WINDOWS\System32\Wbem;C:\WINDOWS\System32\WindowsPowerShell\v1.0\;C:\Program Files (x86)\ATI Technologies\ATI.ACE\Core-Static;C:\Program Files\Java\jdk1.7.0_80\bin;C:\Program Files (x86)\Skype\Phone\;C:\Program Files\Java\jre7\bin;C:\opencv\build\java\x64;C:\opencv\build\java\x86;C:\Program Files\MATLAB\R2016a\runtime\win64;C:\Program Files\MATLAB\R2016a\bin;C:\Program Files\MATLAB\R2016a\polyspace\bin;C:\Program Files (x86)\MySQL\MySQL Fabric 1.5 &amp; MySQL Utilities 1.5\;C:\Program Files (x86)\MySQL\MySQL Fabric 1.5 &amp; MySQL Utilities 1.5\Doctrine extensions for PHP\;C:\Program Files (x86)\Windows Live\Shared;C:\Program Files (x86)\Bazaar;C:\Program Files\Git\bin;C:\Users\Felipe\AppData\Local\Programs\Python\Python35-32\Scripts\;C:\Users\Felipe\AppData\Local\Programs\Python\Python35-32\;C:\altera\15.0\modelsim_ase\win32aloem;%USERPROFILE%\AppData\Local\Microsoft\WindowsApps;;." />
    <property name="env.NUMBER_OF_PROCESSORS" value="4" />
    <property name="java.vendor.url" value="http://java.oracle.com/" />
    <property name="java.vm.vendor" value="Oracle Corporation" />
    <property name="java.runtime.name" value="Java(TM) SE Runtime Environment" />
    <property name="ant.version" value="Apache Ant(TM) version 1.9.6 compiled on June 29 2015" />
    <property name="sun.java.command" value="org.apache.tools.ant.taskdefs.optional.junit.JUnitTestRunner br.pucpcaldas.concessionaria.testes.TesteInserirNovoPedido skipNonTests=false filtertrace=true haltOnError=false haltOnFailure=false formatter=org.apache.tools.ant.taskdefs.optional.junit.OutErrSummaryJUnitResultFormatter showoutput=false outputtoformatters=true logfailedtests=true threadid=0 logtestlistenerevents=false formatter=org.apache.tools.ant.taskdefs.optional.junit.XMLJUnitResultFormatter,C:\Users\Felipe\Documents\EclipseProjects\concessionaria\junit\TEST-br.pucpcaldas.concessionaria.testes.TesteInserirNovoPedido.xml crashfile=C:\Users\Felipe\Documents\EclipseProjects\concessionaria\junitvmwatcher5113391361104458004.properties propsfile=C:\Users\Felipe\Documents\EclipseProjects\concessionaria\junit6272119048417269501.properties" />
    <property name="java.class.path" value="C:\Users\Felipe\Documents\EclipseProjects\concessionaria\bin;C:\Program Files\eclipseGalileo\plugins\org.junit4_4.5.0.v20090824\junit.jar;C:\Program Files\eclipseGalileo\plugins\org.hamcrest.core_1.1.0.v20090501071000.jar;C:\Users\Felipe\Documents\EclipseProjects\concessionaria\libs\iText-5.0.5.jar;C:\Users\Felipe\Documents\EclipseProjects\concessionaria\libs\mysql-connector-java-5.1.38-bin.jar;C:\Program Files\eclipseGalileo\plugins\org.apache.ant_1.9.6.v201510161327\lib\ant-launcher.jar;C:\Program Files\eclipseGalileo\plugins\org.apache.ant_1.9.6.v201510161327\lib\ant.jar;C:\Program Files\eclipseGalileo\plugins\org.apache.ant_1.9.6.v201510161327\lib\ant-junit.jar;C:\Program Files\eclipseGalileo\plugins\org.apache.ant_1.9.6.v201510161327\lib\ant-junit4.jar" />
    <property name="java.vm.specification.name" value="Java Virtual Machine Specification" />
    <property name="env.LOGONSERVER" value="\\MORAES-PC" />
    <property name="env.windir" value="C:\WINDOWS" />
    <property name="java.vm.specification.version" value="1.7" />
    <property name="env.PROCESSOR_ARCHITECTURE" value="AMD64" />
    <property name="sun.os.patch.level" value="" />
    <property name="sun.cpu.endian" value="little" />
    <property name="debuglevel" value="source,lines,vars" />
    <property name="env.ProgramFiles" value="C:\Program Files" />
    <property name="env.ANT_HOME" value="C:\Program Files\eclipseGalileo\plugins\org.apache.ant_1.9.6.v201510161327" />
    <property name="env.PROCESSOR_REVISION" value="3d04" />
    <property name="eclipse.pdebuild.home" value="/C:/Program Files/eclipseGalileo/plugins/org.eclipse.pde.build_3.5.2.R35x_20100114/./" />
    <property name="java.io.tmpdir" value="C:\Users\Felipe\AppData\Local\Temp\" />
    <property name="env.CommonProgramFiles(x86)" value="C:\Program Files (x86)\Common Files" />
    <property name="java.vendor.url.bug" value="http://bugreport.sun.com/bugreport/" />
    <property name="env.SystemRoot" value="C:\WINDOWS" />
    <property name="env.FPS_BROWSER_APP_PROFILE_STRING" value="Internet Explorer" />
    <property name="java.awt.graphicsenv" value="sun.awt.Win32GraphicsEnvironment" />
    <property name="os.arch" value="amd64" />
    <property name="java.ext.dirs" value="C:\Program Files\Java\jdk1.7.0_80\jre\lib\ext;C:\WINDOWS\Sun\Java\lib\ext" />
    <property name="env.LOCALAPPDATA" value="C:\Users\Felipe\AppData\Local" />
    <property name="user.dir" value="C:\Users\Felipe\Documents\EclipseProjects\concessionaria" />
    <property name="line.separator" value="&#xd;&#xa;" />
    <property name="java.vm.name" value="Java HotSpot(TM) 64-Bit Server VM" />
    <property name="env.PATHEXT" value=".COM;.EXE;.BAT;.CMD;.VBS;.VBE;.JS;.JSE;.WSF;.WSH;.MSC" />
    <property name="env.Path" value="C:/Program Files (x86)/Java/jre7/bin/client;C:/Program Files (x86)/Java/jre7/bin;C:\WINDOWS\system32;C:\WINDOWS;C:\WINDOWS\System32\Wbem;C:\WINDOWS\System32\WindowsPowerShell\v1.0\;C:\Program Files (x86)\ATI Technologies\ATI.ACE\Core-Static;C:\Program Files\Java\jdk1.7.0_80\bin;C:\Program Files (x86)\Skype\Phone\;C:\Program Files\Java\jre7\bin;C:\opencv\build\java\x64;C:\opencv\build\java\x86;C:\Program Files\MATLAB\R2016a\runtime\win64;C:\Program Files\MATLAB\R2016a\bin;C:\Program Files\MATLAB\R2016a\polyspace\bin;C:\Program Files (x86)\MySQL\MySQL Fabric 1.5 &amp; MySQL Utilities 1.5\;C:\Program Files (x86)\MySQL\MySQL Fabric 1.5 &amp; MySQL Utilities 1.5\Doctrine extensions for PHP\;C:\Program Files (x86)\Windows Live\Shared;C:\Program Files (x86)\Bazaar;C:\Program Files\Git\bin;C:\Users\Felipe\AppData\Local\Programs\Python\Python35-32\Scripts\;C:\Users\Felipe\AppData\Local\Programs\Python\Python35-32\;C:\altera\15.0\modelsim_ase\win32aloem;%USERPROFILE%\AppData\Local\Microsoft\WindowsApps;" />
    <property name="basedir" value="C:\Users\Felipe\Documents\EclipseProjects\concessionaria" />
    <property name="ant.java.version" value="1.7" />
    <property name="ant.core.lib" value="C:\Program Files\eclipseGalileo\plugins\org.apache.ant_1.9.6.v201510161327\lib\ant.jar" />
    <property name="env.USERNAME" value="Felipe" />
    <property name="source" value="1.5" />
    <property name="env.SystemDrive" value="C:" />
    <property name="file.encoding" value="Cp1252" />
    <property name="env.USERDOMAIN" value="MORAES-PC" />
    <property name="java.specification.version" value="1.7" />
    <property name="ant.project.invoked-targets" value="concessionaria" />
    <property name="ant.file.concessionaria" value="C:\Users\Felipe\Documents\EclipseProjects\concessionaria\build.xml" />
    <property name="env.SOPC_KIT_NIOS2" value="C:\altera\15.0\nios2eds" />
    <property name="env.VBOX_MSI_INSTALL_PATH" value="C:\Program Files\Oracle\VirtualBox\" />
    <property name="env.PROCESSOR_LEVEL" value="6" />
  </properties>
  <testcase classname="br.pucpcaldas.concessionaria.testes.TesteInserirNovoPedido" name="testaInserirNovoPedidoCompleto" time="0.32" />
  <testcase classname="br.pucpcaldas.concessionaria.testes.TesteInserirNovoPedido" name="testaInserirNovoPedidoFaltandoInformacoes" time="0.05" />
  <system-out><![CDATA[Conectado - Connection Manager
Host: localhost Banco: concessionaria
Fechou conexao MySQL - ConnectionManager!!
Conectado - Connection Manager
Host: localhost Banco: concessionaria
Fechou conexao MySQL - ConnectionManager!!
Conectado - Connection Manager
Host: localhost Banco: concessionaria
Fechou conexao MySQL - ConnectionManager!!
Conectado - Connection Manager
Host: localhost Banco: concessionaria
Fechou conexao MySQL - ConnectionManager!!
Conectado - Connection Manager
Host: localhost Banco: concessionaria
Fechou conexao MySQL - ConnectionManager!!
Conectado - Connection Manager
Host: localhost Banco: concessionaria
Fechou conexao MySQL - ConnectionManager!!
Conectado - Connection Manager
Host: localhost Banco: concessionaria
Fechou conexao MySQL - ConnectionManager!!
Conectado - Connection Manager
Host: localhost Banco: concessionaria
Fechou conexao MySQL - ConnectionManager!!
Conectado - Connection Manager
Host: localhost Banco: concessionaria
Fechou conexao MySQL - ConnectionManager!!
Conectado - Connection Manager
Host: localhost Banco: concessionaria
Fechou conexao MySQL - ConnectionManager!!
Conectado - Connection Manager
Host: localhost Banco: concessionaria
Fechou conexao MySQL - ConnectionManager!!
Conectado - Connection Manager
Host: localhost Banco: concessionaria
Fechou conexao MySQL - ConnectionManager!!
Conectado - Connection Manager
Host: localhost Banco: concessionaria
Fechou conexao MySQL - ConnectionManager!!
Conectado - Connection Manager
Host: localhost Banco: concessionaria
Fechou conexao MySQL - ConnectionManager!!
Conectado - Connection Manager
Host: localhost Banco: concessionaria
Fechou conexao MySQL - ConnectionManager!!
Conectado - Connection Manager
Host: localhost Banco: concessionaria
Fechou conexao MySQL - ConnectionManager!!
Conectado - Connection Manager
Host: localhost Banco: concessionaria
Fechou conexao MySQL - ConnectionManager!!
Conectado - Connection Manager
Host: localhost Banco: concessionaria
Fechou conexao MySQL - ConnectionManager!!
Conectado - Connection Manager
Host: localhost Banco: concessionaria
Fechou conexao MySQL - ConnectionManager!!
]]></system-out>
  <system-err><![CDATA[Sun Oct 02 13:08:52 BRT 2016 WARN: Establishing SSL connection without server's identity verification is not recommended. According to MySQL 5.5.45+, 5.6.26+ and 5.7.6+ requirements SSL connection must be established by default if explicit option isn't set. For compliance with existing applications not using SSL the verifyServerCertificate property is set to 'false'. You need either to explicitly disable SSL by setting useSSL=false, or set useSSL=true and provide truststore for server certificate verification.
Sun Oct 02 13:08:52 BRT 2016 WARN: Establishing SSL connection without server's identity verification is not recommended. According to MySQL 5.5.45+, 5.6.26+ and 5.7.6+ requirements SSL connection must be established by default if explicit option isn't set. For compliance with existing applications not using SSL the verifyServerCertificate property is set to 'false'. You need either to explicitly disable SSL by setting useSSL=false, or set useSSL=true and provide truststore for server certificate verification.
Sun Oct 02 13:08:52 BRT 2016 WARN: Establishing SSL connection without server's identity verification is not recommended. According to MySQL 5.5.45+, 5.6.26+ and 5.7.6+ requirements SSL connection must be established by default if explicit option isn't set. For compliance with existing applications not using SSL the verifyServerCertificate property is set to 'false'. You need either to explicitly disable SSL by setting useSSL=false, or set useSSL=true and provide truststore for server certificate verification.
Sun Oct 02 13:08:52 BRT 2016 WARN: Establishing SSL connection without server's identity verification is not recommended. According to MySQL 5.5.45+, 5.6.26+ and 5.7.6+ requirements SSL connection must be established by default if explicit option isn't set. For compliance with existing applications not using SSL the verifyServerCertificate property is set to 'false'. You need either to explicitly disable SSL by setting useSSL=false, or set useSSL=true and provide truststore for server certificate verification.
Sun Oct 02 13:08:52 BRT 2016 WARN: Establishing SSL connection without server's identity verification is not recommended. According to MySQL 5.5.45+, 5.6.26+ and 5.7.6+ requirements SSL connection must be established by default if explicit option isn't set. For compliance with existing applications not using SSL the verifyServerCertificate property is set to 'false'. You need either to explicitly disable SSL by setting useSSL=false, or set useSSL=true and provide truststore for server certificate verification.
Sun Oct 02 13:08:52 BRT 2016 WARN: Establishing SSL connection without server's identity verification is not recommended. According to MySQL 5.5.45+, 5.6.26+ and 5.7.6+ requirements SSL connection must be established by default if explicit option isn't set. For compliance with existing applications not using SSL the verifyServerCertificate property is set to 'false'. You need either to explicitly disable SSL by setting useSSL=false, or set useSSL=true and provide truststore for server certificate verification.
Sun Oct 02 13:08:52 BRT 2016 WARN: Establishing SSL connection without server's identity verification is not recommended. According to MySQL 5.5.45+, 5.6.26+ and 5.7.6+ requirements SSL connection must be established by default if explicit option isn't set. For compliance with existing applications not using SSL the verifyServerCertificate property is set to 'false'. You need either to explicitly disable SSL by setting useSSL=false, or set useSSL=true and provide truststore for server certificate verification.
Sun Oct 02 13:08:52 BRT 2016 WARN: Establishing SSL connection without server's identity verification is not recommended. According to MySQL 5.5.45+, 5.6.26+ and 5.7.6+ requirements SSL connection must be established by default if explicit option isn't set. For compliance with existing applications not using SSL the verifyServerCertificate property is set to 'false'. You need either to explicitly disable SSL by setting useSSL=false, or set useSSL=true and provide truststore for server certificate verification.
Sun Oct 02 13:08:52 BRT 2016 WARN: Establishing SSL connection without server's identity verification is not recommended. According to MySQL 5.5.45+, 5.6.26+ and 5.7.6+ requirements SSL connection must be established by default if explicit option isn't set. For compliance with existing applications not using SSL the verifyServerCertificate property is set to 'false'. You need either to explicitly disable SSL by setting useSSL=false, or set useSSL=true and provide truststore for server certificate verification.
Sun Oct 02 13:08:52 BRT 2016 WARN: Establishing SSL connection without server's identity verification is not recommended. According to MySQL 5.5.45+, 5.6.26+ and 5.7.6+ requirements SSL connection must be established by default if explicit option isn't set. For compliance with existing applications not using SSL the verifyServerCertificate property is set to 'false'. You need either to explicitly disable SSL by setting useSSL=false, or set useSSL=true and provide truststore for server certificate verification.
Sun Oct 02 13:08:52 BRT 2016 WARN: Establishing SSL connection without server's identity verification is not recommended. According to MySQL 5.5.45+, 5.6.26+ and 5.7.6+ requirements SSL connection must be established by default if explicit option isn't set. For compliance with existing applications not using SSL the verifyServerCertificate property is set to 'false'. You need either to explicitly disable SSL by setting useSSL=false, or set useSSL=true and provide truststore for server certificate verification.
Sun Oct 02 13:08:52 BRT 2016 WARN: Establishing SSL connection without server's identity verification is not recommended. According to MySQL 5.5.45+, 5.6.26+ and 5.7.6+ requirements SSL connection must be established by default if explicit option isn't set. For compliance with existing applications not using SSL the verifyServerCertificate property is set to 'false'. You need either to explicitly disable SSL by setting useSSL=false, or set useSSL=true and provide truststore for server certificate verification.
Sun Oct 02 13:08:52 BRT 2016 WARN: Establishing SSL connection without server's identity verification is not recommended. According to MySQL 5.5.45+, 5.6.26+ and 5.7.6+ requirements SSL connection must be established by default if explicit option isn't set. For compliance with existing applications not using SSL the verifyServerCertificate property is set to 'false'. You need either to explicitly disable SSL by setting useSSL=false, or set useSSL=true and provide truststore for server certificate verification.
Sun Oct 02 13:08:52 BRT 2016 WARN: Establishing SSL connection without server's identity verification is not recommended. According to MySQL 5.5.45+, 5.6.26+ and 5.7.6+ requirements SSL connection must be established by default if explicit option isn't set. For compliance with existing applications not using SSL the verifyServerCertificate property is set to 'false'. You need either to explicitly disable SSL by setting useSSL=false, or set useSSL=true and provide truststore for server certificate verification.
Sun Oct 02 13:08:52 BRT 2016 WARN: Establishing SSL connection without server's identity verification is not recommended. According to MySQL 5.5.45+, 5.6.26+ and 5.7.6+ requirements SSL connection must be established by default if explicit option isn't set. For compliance with existing applications not using SSL the verifyServerCertificate property is set to 'false'. You need either to explicitly disable SSL by setting useSSL=false, or set useSSL=true and provide truststore for server certificate verification.
Sun Oct 02 13:08:52 BRT 2016 WARN: Establishing SSL connection without server's identity verification is not recommended. According to MySQL 5.5.45+, 5.6.26+ and 5.7.6+ requirements SSL connection must be established by default if explicit option isn't set. For compliance with existing applications not using SSL the verifyServerCertificate property is set to 'false'. You need either to explicitly disable SSL by setting useSSL=false, or set useSSL=true and provide truststore for server certificate verification.
Sun Oct 02 13:08:52 BRT 2016 WARN: Establishing SSL connection without server's identity verification is not recommended. According to MySQL 5.5.45+, 5.6.26+ and 5.7.6+ requirements SSL connection must be established by default if explicit option isn't set. For compliance with existing applications not using SSL the verifyServerCertificate property is set to 'false'. You need either to explicitly disable SSL by setting useSSL=false, or set useSSL=true and provide truststore for server certificate verification.
Sun Oct 02 13:08:52 BRT 2016 WARN: Establishing SSL connection without server's identity verification is not recommended. According to MySQL 5.5.45+, 5.6.26+ and 5.7.6+ requirements SSL connection must be established by default if explicit option isn't set. For compliance with existing applications not using SSL the verifyServerCertificate property is set to 'false'. You need either to explicitly disable SSL by setting useSSL=false, or set useSSL=true and provide truststore for server certificate verification.
Sun Oct 02 13:08:52 BRT 2016 WARN: Establishing SSL connection without server's identity verification is not recommended. According to MySQL 5.5.45+, 5.6.26+ and 5.7.6+ requirements SSL connection must be established by default if explicit option isn't set. For compliance with existing applications not using SSL the verifyServerCertificate property is set to 'false'. You need either to explicitly disable SSL by setting useSSL=false, or set useSSL=true and provide truststore for server certificate verification.
]]></system-err>
</testsuite>
